#-----------------------------------------------------------
# Vivado v2018.3 (64-bit)
# SW Build 2405991 on Thu Dec  6 23:38:27 MST 2018
# IP Build 2404404 on Fri Dec  7 01:43:56 MST 2018
# Start of session at: Sun Jun  9 14:13:46 2019
# Process ID: 9948
# Current directory: C:/Users/wangwenge/Documents/MemoryIP/R_I_J_CPU
# Command line: vivado.exe -gui_launcher_event rodinguilauncherevent6480 C:\Users\wangwenge\Documents\MemoryIP\R_I_J_CPU\R_I_J_CPU.xpr
# Log file: C:/Users/wangwenge/Documents/MemoryIP/R_I_J_CPU/vivado.log
# Journal file: C:/Users/wangwenge/Documents/MemoryIP/R_I_J_CPU\vivado.jou
#-----------------------------------------------------------
start_gui
open_project C:/Users/wangwenge/Documents/MemoryIP/R_I_J_CPU/R_I_J_CPU.xpr
Scanning sources...
Finished scanning sources
INFO: [IP_Flow 19-234] Refreshing IP repositories
INFO: [IP_Flow 19-1704] No user IP repositories specified
INFO: [IP_Flow 19-2313] Loaded Vivado IP repository 'C:/Xilinx/Vivado/2018.3/data/ip'.
WARNING: [IP_Flow 19-2162] IP 'blk_mem_gen_0' is locked:
* Current project part 'xc7a100tfgg484-2L' and the part 'xa7a100tfgg484-2I' used to customize the IP 'blk_mem_gen_0' do not match.
Please select 'Report IP Status' from the 'Tools/Report' menu or run Tcl command 'report_ip_status' for more information.
open_project: Time (s): cpu = 00:00:14 ; elapsed = 00:00:08 . Memory (MB): peak = 701.598 ; gain = 113.070
update_compile_order -fileset sources_1
exit
INFO: [Common 17-206] Exiting Vivado at Sun Jun  9 14:17:16 2019...
