#-----------------------------------------------------------
# Vivado v2018.3 (64-bit)
# SW Build 2405991 on Thu Dec  6 23:38:27 MST 2018
# IP Build 2404404 on Fri Dec  7 01:43:56 MST 2018
# Start of session at: Thu May 23 10:33:44 2019
# Process ID: 8456
# Current directory: C:/Users/wangwenge/Documents/Fetch_Instr
# Command line: vivado.exe -gui_launcher_event rodinguilauncherevent7440 C:\Users\wangwenge\Documents\Fetch_Instr\Fetch_Instr.xpr
# Log file: C:/Users/wangwenge/Documents/Fetch_Instr/vivado.log
# Journal file: C:/Users/wangwenge/Documents/Fetch_Instr\vivado.jou
#-----------------------------------------------------------
start_gui
open_project C:/Users/wangwenge/Documents/Fetch_Instr/Fetch_Instr.xpr
Scanning sources...
Finished scanning sources
INFO: [IP_Flow 19-234] Refreshing IP repositories
INFO: [IP_Flow 19-1704] No user IP repositories specified
INFO: [IP_Flow 19-2313] Loaded Vivado IP repository 'C:/Xilinx/Vivado/2018.3/data/ip'.
open_project: Time (s): cpu = 00:00:14 ; elapsed = 00:00:06 . Memory (MB): peak = 718.254 ; gain = 134.691
update_compile_order -fileset sources_1
exit
INFO: [Common 17-206] Exiting Vivado at Thu May 23 10:36:30 2019...
