#-----------------------------------------------------------
# Vivado v2018.3 (64-bit)
# SW Build 2405991 on Thu Dec  6 23:38:27 MST 2018
# IP Build 2404404 on Fri Dec  7 01:43:56 MST 2018
# Start of session at: Sat Apr  6 14:42:13 2019
# Process ID: 208
# Current directory: C:/Users/wangwenge/Documents/ALU/ALU
# Command line: vivado.exe -gui_launcher_event rodinguilauncherevent3536 C:\Users\wangwenge\Documents\ALU\ALU\ALU.xpr
# Log file: C:/Users/wangwenge/Documents/ALU/ALU/vivado.log
# Journal file: C:/Users/wangwenge/Documents/ALU/ALU\vivado.jou
#-----------------------------------------------------------
start_gui
open_project C:/Users/wangwenge/Documents/ALU/ALU/ALU.xpr
CRITICAL WARNING: [Project 1-19] Could not find the file 'C:/Users/wangwenge/Desktop/Exp3_ALU/ALU_TOP.v'.
CRITICAL WARNING: [Project 1-19] Could not find the file 'C:/Users/wangwenge/Desktop/Exp3_ALU/ALU_M.v'.
CRITICAL WARNING: [Project 1-19] Could not find the file 'C:/Users/wangwenge/Desktop/Exp3_ALU/ALU_M.ucf'.
CRITICAL WARNING: [Project 1-19] Could not find the file 'C:/Users/wangwenge/Desktop/Exp3_ALU/ALU_TEST.v'.
CRITICAL WARNING: [Project 1-19] Could not find the file 'C:/Users/wangwenge/Desktop/Exp3_ALU/ALU_M.ucf'.
Scanning sources...
Finished scanning sources
INFO: [IP_Flow 19-234] Refreshing IP repositories
INFO: [IP_Flow 19-1704] No user IP repositories specified
INFO: [IP_Flow 19-2313] Loaded Vivado IP repository 'C:/Xilinx/Vivado/2018.3/data/ip'.
open_project: Time (s): cpu = 00:00:11 ; elapsed = 00:00:06 . Memory (MB): peak = 703.367 ; gain = 117.504
launch_simulation
INFO: [Vivado 12-5682] Launching behavioral simulation in 'C:/Users/wangwenge/Documents/ALU/ALU/ALU.sim/sim_1/behav/xsim'
INFO: [SIM-utils-51] Simulation object is 'sim_1'
INFO: [SIM-utils-54] Inspecting design source files for 'ALU_TEST' in fileset 'sim_1'...
INFO: [USF-XSim-97] Finding global include files...
INFO: [USF-XSim-100] Fetching design files from 'sources_1'...(this may take a while)...
INFO: [USF-XSim-101] Fetching design files from 'sim_1'...
INFO: [USF-XSim-2] XSim::Compile design
INFO: [USF-XSim-61] Executing 'COMPILE and ANALYZE' step in 'C:/Users/wangwenge/Documents/ALU/ALU/ALU.sim/sim_1/behav/xsim'
"xvlog --incr --relax -prj ALU_TEST_vlog.prj"
INFO: [USF-XSim-69] 'compile' step finished in '1' seconds
INFO: [USF-XSim-3] XSim::Elaborate design
INFO: [USF-XSim-61] Executing 'ELABORATE' step in 'C:/Users/wangwenge/Documents/ALU/ALU/ALU.sim/sim_1/behav/xsim'
Vivado Simulator 2018.3
Copyright 1986-1999, 2001-2018 Xilinx, Inc. All Rights Reserved.
Running: C:/Xilinx/Vivado/2018.3/bin/unwrapped/win64.o/xelab.exe -wto 2c575cbdbe0942759351cc7b222fb96d --incr --debug typical --relax --mt 2 -L xil_defaultlib -L unisims_ver -L unimacro_ver -L secureip --snapshot ALU_TEST_behav xil_defaultlib.ALU_TEST xil_defaultlib.glbl -log elaborate.log 
Using 2 slave threads.
Starting static elaboration
Completed static elaboration
INFO: [XSIM 43-4323] No Change in HDL. Linking previously generated obj files to create kernel
INFO: [USF-XSim-69] 'elaborate' step finished in '1' seconds
INFO: [USF-XSim-4] XSim::Simulate design
INFO: [USF-XSim-61] Executing 'SIMULATE' step in 'C:/Users/wangwenge/Documents/ALU/ALU/ALU.sim/sim_1/behav/xsim'
INFO: [USF-XSim-98] *** Running xsim
   with args "ALU_TEST_behav -key {Behavioral:sim_1:Functional:ALU_TEST} -tclbatch {ALU_TEST.tcl} -log {simulate.log}"
INFO: [USF-XSim-8] Loading simulator feature
Vivado Simulator 2018.3
Time resolution is 1 ps
source ALU_TEST.tcl
# set curr_wave [current_wave_config]
# if { [string length $curr_wave] == 0 } {
#   if { [llength [get_objects]] > 0} {
#     add_wave /
#     set_property needs_save false [current_wave_config]
#   } else {
#      send_msg_id Add_Wave-1 WARNING "No top level signals found. Simulator will start without a wave window. If you want to open a wave window go to 'File->New Waveform Configuration' or type 'create_wave_config' in the TCL console."
#   }
# }
# run 1000ns
INFO: [USF-XSim-96] XSim completed. Design snapshot 'ALU_TEST_behav' loaded.
INFO: [USF-XSim-97] XSim simulation ran for 1000ns
launch_simulation: Time (s): cpu = 00:00:08 ; elapsed = 00:00:08 . Memory (MB): peak = 872.813 ; gain = 0.000
close_sim
INFO: [Simtcl 6-16] Simulation closed
close_sim: Time (s): cpu = 00:00:01 ; elapsed = 00:00:06 . Memory (MB): peak = 872.813 ; gain = 0.000
exit
INFO: [Common 17-206] Exiting Vivado at Sat Apr  6 16:14:21 2019...
